Job ID: 11433232
Nodes allocated: sdumont[6165-6168]
======================================

The following have been reloaded with a version change:
  1) gcc/14.2.0_sequana => gcc/9.3_sequana

Parâmetros: a=0.0 b=1.0 n=100000000

===== 1 NODE SCALING =====

>>> Executando com 1 processo(s) em 1 nó
Enter a, b, and n
Última execução, integral = 3.333333333332225e-01 (não é análise de tempo)

=== Medições de tempo (5 execuções) ===
Tempo mínimo : 1.088020e-01 s
Tempo médio  : 1.090442e-01 s
Tempo mediano: 1.089817e-01 s
========================================

>>> Executando com 2 processo(s) em 1 nó
Enter a, b, and n
Última execução, integral = 3.333333333332554e-01 (não é análise de tempo)

=== Medições de tempo (5 execuções) ===
Tempo mínimo : 5.598210e-02 s
Tempo médio  : 5.624600e-02 s
Tempo mediano: 5.636146e-02 s
========================================

>>> Executando com 4 processo(s) em 1 nó
Enter a, b, and n
Última execução, integral = 3.333333333333375e-01 (não é análise de tempo)

=== Medições de tempo (5 execuções) ===
Tempo mínimo : 2.811514e-02 s
Tempo médio  : 2.860098e-02 s
Tempo mediano: 2.847970e-02 s
========================================

>>> Executando com 8 processo(s) em 1 nó
Enter a, b, and n
Última execução, integral = 3.333333333333498e-01 (não é análise de tempo)

=== Medições de tempo (5 execuções) ===
Tempo mínimo : 1.478454e-02 s
Tempo médio  : 1.509064e-02 s
Tempo mediano: 1.494120e-02 s
========================================

>>> Executando com 16 processo(s) em 1 nó
Enter a, b, and n
Última execução, integral = 3.333333333333338e-01 (não é análise de tempo)

=== Medições de tempo (5 execuções) ===
Tempo mínimo : 7.399889e-03 s
Tempo médio  : 7.566517e-03 s
Tempo mediano: 7.427012e-03 s
========================================

>>> Executando com 24 processo(s) em 1 nó
Enter a, b, and n
Última execução, integral = 3.333331733333572e-01 (não é análise de tempo)

=== Medições de tempo (5 execuções) ===
Tempo mínimo : 5.287008e-03 s
Tempo médio  : 5.523794e-03 s
Tempo mediano: 5.441275e-03 s
========================================

===== 2 NODES (48 processes) =====
Enter a, b, and n
Última execução, integral = 3.333331733333573e-01 (não é análise de tempo)

=== Medições de tempo (5 execuções) ===
Tempo mínimo : 2.628125e-03 s
Tempo médio  : 2.785052e-03 s
Tempo mediano: 2.715933e-03 s
========================================

===== 4 NODES (96 processes) =====
Enter a, b, and n
Última execução, integral = 3.333326933337425e-01 (não é análise de tempo)

=== Medições de tempo (5 execuções) ===
Tempo mínimo : 1.323371e-03 s
Tempo médio  : 3.554622e-03 s
Tempo mediano: 1.407548e-03 s
========================================

FIM DO JOB
