Job ID: 11433236
Nodes allocated: sdumont[6165-6168]
======================================

The following have been reloaded with a version change:
  1) gcc/14.2.0_sequana => gcc/9.3_sequana

mpi_odd_even_time.c: In function ‘Read_list’:
mpi_odd_even_time.c:193:4: warning: ‘temp’ may be used uninitialized in this function [-Wmaybe-uninitialized]
  193 |    MPI_Scatter(temp, local_n, MPI_INT,
      |    ^~~~~~~~~~~~~~~~~~~~~~~~~~~~~~~~~~~
  194 |                local_A, local_n, MPI_INT, 0, comm);
      |                ~~~~~~~~~~~~~~~~~~~~~~~~~~~~~~~~~~~
mpi_odd_even_time.c: In function ‘Print_global_list’:
mpi_odd_even_time.c:211:4: warning: ‘A’ may be used uninitialized in this function [-Wmaybe-uninitialized]
  211 |    MPI_Gather(local_A, local_n, MPI_INT,
      |    ^~~~~~~~~~~~~~~~~~~~~~~~~~~~~~~~~~~~~
  212 |               A,        local_n, MPI_INT,
      |               ~~~~~~~~~~~~~~~~~~~~~~~~~~~
  213 |               0, comm);
      |               ~~~~~~~~
===== 1 NODE SCALING =====

>>> Executando com 1 processo(s) em 1 nó

================ Timing results ================
Repetitions: 5
Minimum time : 8.879170e+00 seconds
Mean time    : 8.885046e+00 seconds
Median time  : 8.881295e+00 seconds
================================================


>>> Executando com 2 processo(s) em 1 nó

================ Timing results ================
Repetitions: 5
Minimum time : 4.631924e+00 seconds
Mean time    : 4.648827e+00 seconds
Median time  : 4.647322e+00 seconds
================================================


>>> Executando com 4 processo(s) em 1 nó

================ Timing results ================
Repetitions: 5
Minimum time : 2.454728e+00 seconds
Mean time    : 2.462925e+00 seconds
Median time  : 2.465497e+00 seconds
================================================


>>> Executando com 8 processo(s) em 1 nó

================ Timing results ================
Repetitions: 5
Minimum time : 1.397134e+00 seconds
Mean time    : 1.401781e+00 seconds
Median time  : 1.401504e+00 seconds
================================================


>>> Executando com 16 processo(s) em 1 nó

================ Timing results ================
Repetitions: 5
Minimum time : 8.764367e-01 seconds
Mean time    : 8.884261e-01 seconds
Median time  : 8.772865e-01 seconds
================================================


>>> Executando com 24 processo(s) em 1 nó

================ Timing results ================
Repetitions: 5
Minimum time : 7.824522e-01 seconds
Mean time    : 7.927024e-01 seconds
Median time  : 7.863212e-01 seconds
================================================


===== 2 NODES (48 processes) =====

================ Timing results ================
Repetitions: 5
Minimum time : 5.948901e-01 seconds
Mean time    : 6.010764e-01 seconds
Median time  : 5.957273e-01 seconds
================================================


===== 4 NODES (96 processes) =====

================ Timing results ================
Repetitions: 5
Minimum time : 4.924422e-01 seconds
Mean time    : 5.183806e-01 seconds
Median time  : 4.996660e-01 seconds
================================================


FIM DO JOB
